<?xml version="1.0" encoding="UTF-8"?>
<testsuite xmlns:xsi="http://www.w3.org/2001/XMLSchema-instance" xsi:noNamespaceSchemaLocation="https://maven.apache.org/surefire/maven-surefire-plugin/xsd/surefire-test-report.xsd" name="tests.TestRunner" time="46.18" tests="4" errors="0" skipped="0" failures="0">
  <properties>
[...]
</properties>
  <testcase name="New item can be added to the empty list" classname="In order to remember the things I want to do, as a ToDo MVC user, I want to manage my todo list" time="13.185"/>
  <testcase name="Two new items can be added to the empty list" classname="In order to remember the things I want to do, as a ToDo MVC user, I want to manage my todo list" time="8.97"/>
  <testcase name="Added items can be cleared" classname="In order to remember the things I want to do, as a ToDo MVC user, I want to manage my todo list" time="11.27"/>
  <testcase name="Added items can be removed from the list" classname="In order to remember the things I want to do, as a ToDo MVC user, I want to manage my todo list" time="11.105"/>
</testsuite>